<!DOCTYPE html PUBLIC "-//W3C//DTD XHTML 1.1//EN" "http://www.w3.org/TR/xhtml11/DTD/xhtml11.dtd">
<html xmlns="http://www.w3.org/1999/xhtml">
<head>
<meta http-equiv="content-type" content="text/html; charset=UTF-8"/>
<title>TestNG Report</title>
<style type="text/css">table {margin-bottom:10px;border-collapse:collapse;empty-cells:show}th,td {border:1px solid #009;padding:.25em .5em}th {vertical-align:bottom}td {vertical-align:top}table a {font-weight:bold}.stripe td {background-color: #E6EBF9}.num {text-align:right}.passedodd td {background-color: #3F3}.passedeven td {background-color: #0A0}.skippedodd td {background-color: #DDD}.skippedeven td {background-color: #CCC}.failedodd td,.attn {background-color: #F33}.failedeven td,.stripe .attn {background-color: #D00}.stacktrace {white-space:pre;font-family:monospace}.totop {font-size:85%;text-align:center;border-bottom:2px solid #000}.invisible {display:none}</style>
</head>
<body>
<table>
<tr><th>Test</th><th># Passed</th><th># Skipped</th><th># Failed</th><th>Time (ms)</th><th>Included Groups</th><th>Excluded Groups</th></tr>
<tr><th colspan="7">TestNG Sanity Suite</th></tr>
<tr><td><a href="#t0">OrangeHRM Test</a></td><td class="num">0</td><td class="num attn">3</td><td class="num">0</td><td class="num">122</td><td></td><td></td></tr>
<tr class="stripe"><td><a href="#t1">Google Test</a></td><td class="num">1</td><td class="num">0</td><td class="num">0</td><td class="num">4,420</td><td></td><td></td></tr>
<tr><td><a href="#t2">OpenCart Test</a></td><td class="num">1</td><td class="num">0</td><td class="num">0</td><td class="num">13,962</td><td></td><td></td></tr>
<tr><th>Total</th><th class="num">2</th><th class="num attn">3</th><th class="num">0</th><th class="num">18,504</th><th colspan="2"></th></tr>
</table>
<table id='summary'><thead><tr><th>Class</th><th>Method</th><th>Start</th><th>Time (ms)</th></tr></thead><tbody><tr><th colspan="4">TestNG Sanity Suite</th></tr></tbody><tbody id="t0"><tr><th colspan="4">OrangeHRM Test &#8212; failed (configuration methods)</th></tr><tr class="failedeven"><td rowspan="1">AppTests.OrangeHRMTest</td><td><a href="#m0">setUp</a></td><td rowspan="1">1644193542007</td><td rowspan="1">59</td></tr><tr><th colspan="4">OrangeHRM Test &#8212; skipped (configuration methods)</th></tr><tr class="skippedeven"><td rowspan="1">AppTests.OrangeHRMTest</td><td><a href="#m1">tearDown</a></td><td rowspan="1">1644193542125</td><td rowspan="1">0</td></tr><tr><th colspan="4">OrangeHRM Test &#8212; skipped</th></tr><tr class="skippedeven"><td rowspan="3">AppTests.OrangeHRMTest</td><td><a href="#m2">ContactSLinkTest</a></td><td rowspan="1">1644193542122</td><td rowspan="1">0</td></tr><tr class="skippedeven"><td><a href="#m3">logoTest</a></td><td rowspan="1">1644193542116</td><td rowspan="1">0</td></tr><tr class="skippedeven"><td><a href="#m4">verifyTitleTest</a></td><td rowspan="1">1644193542124</td><td rowspan="1">0</td></tr></tbody>
<tbody id="t1"><tr><th colspan="4">Google Test &#8212; passed</th></tr><tr class="passedeven"><td rowspan="1">AppTests.GoogleTest</td><td><a href="#m5">verifyTitleTest</a></td><td rowspan="1">1644193546128</td><td rowspan="1">9</td></tr></tbody>
<tbody id="t2"><tr><th colspan="4">OpenCart Test &#8212; passed</th></tr><tr class="passedeven"><td rowspan="1">AppTests.OpenCartTest</td><td><a href="#m6">verifyTitleTest</a></td><td rowspan="1">1644193552952</td><td rowspan="1">30</td></tr></tbody>
</table>
<h2>OrangeHRM Test</h2><h3 id="m0">AppTests.OrangeHRMTest#setUp</h3><table class="result"><tr class="param"><th>Parameter #1</th><th>Parameter #2</th><th>Parameter #3</th></tr><tr class="param stripe"><td>safari</td><td>https://www.orangehrm.com/orangehrm-30-day-trial/</td><td>10</td></tr><tr><th colspan="3">Exception</th></tr><tr><td colspan="3"><div class="stacktrace">org.openqa.selenium.WebDriverException: Unable to find driver executable: \usr\bin\safaridriver(SafariDriver requires Safari 10 running on OSX El Capitan or greater.)
Build info: version: &apos;4.1.1&apos;, revision: &apos;e8fcc2cecf&apos;
System info: host: &apos;WKWIN8091077&apos;, ip: &apos;192.168.1.25&apos;, os.name: &apos;Windows 10&apos;, os.arch: &apos;amd64&apos;, os.version: &apos;10.0&apos;, java.version: &apos;16.0.1&apos;
Driver info: driver.version: SafariDriver
	at org.openqa.selenium.safari.SafariDriverService$Builder.findDefaultExecutable(SafariDriverService.java:136)
	at org.openqa.selenium.remote.service.DriverService$Builder.build(DriverService.java:437)
	at org.openqa.selenium.safari.SafariDriverService.createDefaultService(SafariDriverService.java:78)
	at org.openqa.selenium.safari.SafariDriver.&lt;init&gt;(SafariDriver.java:69)
	at org.openqa.selenium.safari.SafariDriver.&lt;init&gt;(SafariDriver.java:47)
	at AppTests.BaseTest.setUp(BaseTest.java:29)
	at java.base/jdk.internal.reflect.NativeMethodAccessorImpl.invoke0(Native Method)
	at java.base/jdk.internal.reflect.NativeMethodAccessorImpl.invoke(NativeMethodAccessorImpl.java:78)
	at java.base/jdk.internal.reflect.DelegatingMethodAccessorImpl.invoke(DelegatingMethodAccessorImpl.java:43)
	at java.base/java.lang.reflect.Method.invoke(Method.java:567)
	at org.testng.internal.MethodInvocationHelper.invokeMethod(MethodInvocationHelper.java:124)
	at org.testng.internal.MethodInvocationHelper.invokeMethodConsideringTimeout(MethodInvocationHelper.java:59)
	at org.testng.internal.Invoker.invokeConfigurationMethod(Invoker.java:458)
	at org.testng.internal.Invoker.invokeConfigurations(Invoker.java:222)
	at org.testng.internal.Invoker.invokeConfigurations(Invoker.java:142)
	at org.testng.TestRunner.beforeRun(TestRunner.java:529)
	at org.testng.TestRunner.run(TestRunner.java:497)
	at org.testng.SuiteRunner.runTest(SuiteRunner.java:455)
	at org.testng.SuiteRunner.access$000(SuiteRunner.java:40)
	at org.testng.SuiteRunner$SuiteWorker.run(SuiteRunner.java:489)
	at org.testng.internal.thread.ThreadUtil$1.call(ThreadUtil.java:52)
	at java.base/java.util.concurrent.FutureTask.run(FutureTask.java:264)
	at java.base/java.util.concurrent.ThreadPoolExecutor.runWorker(ThreadPoolExecutor.java:1130)
	at java.base/java.util.concurrent.ThreadPoolExecutor$Worker.run(ThreadPoolExecutor.java:630)
	at java.base/java.lang.Thread.run(Thread.java:831)
</div></td></tr></table><p class="totop"><a href="#summary">back to summary</a></p>
<h3 id="m1">AppTests.OrangeHRMTest#tearDown</h3><table class="result"><tr><th class="invisible"/></tr></table><p class="totop"><a href="#summary">back to summary</a></p>
<h3 id="m2">AppTests.OrangeHRMTest#ContactSLinkTest</h3><table class="result"><tr><th>Exception</th></tr><tr><td><div class="stacktrace">org.openqa.selenium.WebDriverException: Unable to find driver executable: \usr\bin\safaridriver(SafariDriver requires Safari 10 running on OSX El Capitan or greater.)
Build info: version: &apos;4.1.1&apos;, revision: &apos;e8fcc2cecf&apos;
System info: host: &apos;WKWIN8091077&apos;, ip: &apos;192.168.1.25&apos;, os.name: &apos;Windows 10&apos;, os.arch: &apos;amd64&apos;, os.version: &apos;10.0&apos;, java.version: &apos;16.0.1&apos;
Driver info: driver.version: SafariDriver
	at org.openqa.selenium.safari.SafariDriverService$Builder.findDefaultExecutable(SafariDriverService.java:136)
	at org.openqa.selenium.remote.service.DriverService$Builder.build(DriverService.java:437)
	at org.openqa.selenium.safari.SafariDriverService.createDefaultService(SafariDriverService.java:78)
	at org.openqa.selenium.safari.SafariDriver.&lt;init&gt;(SafariDriver.java:69)
	at org.openqa.selenium.safari.SafariDriver.&lt;init&gt;(SafariDriver.java:47)
	at AppTests.BaseTest.setUp(BaseTest.java:29)
	at java.base/jdk.internal.reflect.NativeMethodAccessorImpl.invoke0(Native Method)
	at java.base/jdk.internal.reflect.NativeMethodAccessorImpl.invoke(NativeMethodAccessorImpl.java:78)
	at java.base/jdk.internal.reflect.DelegatingMethodAccessorImpl.invoke(DelegatingMethodAccessorImpl.java:43)
	at java.base/java.lang.reflect.Method.invoke(Method.java:567)
	at org.testng.internal.MethodInvocationHelper.invokeMethod(MethodInvocationHelper.java:124)
	at org.testng.internal.MethodInvocationHelper.invokeMethodConsideringTimeout(MethodInvocationHelper.java:59)
	at org.testng.internal.Invoker.invokeConfigurationMethod(Invoker.java:458)
	at org.testng.internal.Invoker.invokeConfigurations(Invoker.java:222)
	at org.testng.internal.Invoker.invokeConfigurations(Invoker.java:142)
	at org.testng.TestRunner.beforeRun(TestRunner.java:529)
	at org.testng.TestRunner.run(TestRunner.java:497)
	at org.testng.SuiteRunner.runTest(SuiteRunner.java:455)
	at org.testng.SuiteRunner.access$000(SuiteRunner.java:40)
	at org.testng.SuiteRunner$SuiteWorker.run(SuiteRunner.java:489)
	at org.testng.internal.thread.ThreadUtil$1.call(ThreadUtil.java:52)
	at java.base/java.util.concurrent.FutureTask.run(FutureTask.java:264)
	at java.base/java.util.concurrent.ThreadPoolExecutor.runWorker(ThreadPoolExecutor.java:1130)
	at java.base/java.util.concurrent.ThreadPoolExecutor$Worker.run(ThreadPoolExecutor.java:630)
	at java.base/java.lang.Thread.run(Thread.java:831)
</div></td></tr></table><p class="totop"><a href="#summary">back to summary</a></p>
<h3 id="m3">AppTests.OrangeHRMTest#logoTest</h3><table class="result"><tr><th>Exception</th></tr><tr><td><div class="stacktrace">org.openqa.selenium.WebDriverException: Unable to find driver executable: \usr\bin\safaridriver(SafariDriver requires Safari 10 running on OSX El Capitan or greater.)
Build info: version: &apos;4.1.1&apos;, revision: &apos;e8fcc2cecf&apos;
System info: host: &apos;WKWIN8091077&apos;, ip: &apos;192.168.1.25&apos;, os.name: &apos;Windows 10&apos;, os.arch: &apos;amd64&apos;, os.version: &apos;10.0&apos;, java.version: &apos;16.0.1&apos;
Driver info: driver.version: SafariDriver
	at org.openqa.selenium.safari.SafariDriverService$Builder.findDefaultExecutable(SafariDriverService.java:136)
	at org.openqa.selenium.remote.service.DriverService$Builder.build(DriverService.java:437)
	at org.openqa.selenium.safari.SafariDriverService.createDefaultService(SafariDriverService.java:78)
	at org.openqa.selenium.safari.SafariDriver.&lt;init&gt;(SafariDriver.java:69)
	at org.openqa.selenium.safari.SafariDriver.&lt;init&gt;(SafariDriver.java:47)
	at AppTests.BaseTest.setUp(BaseTest.java:29)
	at java.base/jdk.internal.reflect.NativeMethodAccessorImpl.invoke0(Native Method)
	at java.base/jdk.internal.reflect.NativeMethodAccessorImpl.invoke(NativeMethodAccessorImpl.java:78)
	at java.base/jdk.internal.reflect.DelegatingMethodAccessorImpl.invoke(DelegatingMethodAccessorImpl.java:43)
	at java.base/java.lang.reflect.Method.invoke(Method.java:567)
	at org.testng.internal.MethodInvocationHelper.invokeMethod(MethodInvocationHelper.java:124)
	at org.testng.internal.MethodInvocationHelper.invokeMethodConsideringTimeout(MethodInvocationHelper.java:59)
	at org.testng.internal.Invoker.invokeConfigurationMethod(Invoker.java:458)
	at org.testng.internal.Invoker.invokeConfigurations(Invoker.java:222)
	at org.testng.internal.Invoker.invokeConfigurations(Invoker.java:142)
	at org.testng.TestRunner.beforeRun(TestRunner.java:529)
	at org.testng.TestRunner.run(TestRunner.java:497)
	at org.testng.SuiteRunner.runTest(SuiteRunner.java:455)
	at org.testng.SuiteRunner.access$000(SuiteRunner.java:40)
	at org.testng.SuiteRunner$SuiteWorker.run(SuiteRunner.java:489)
	at org.testng.internal.thread.ThreadUtil$1.call(ThreadUtil.java:52)
	at java.base/java.util.concurrent.FutureTask.run(FutureTask.java:264)
	at java.base/java.util.concurrent.ThreadPoolExecutor.runWorker(ThreadPoolExecutor.java:1130)
	at java.base/java.util.concurrent.ThreadPoolExecutor$Worker.run(ThreadPoolExecutor.java:630)
	at java.base/java.lang.Thread.run(Thread.java:831)
</div></td></tr></table><p class="totop"><a href="#summary">back to summary</a></p>
<h3 id="m4">AppTests.OrangeHRMTest#verifyTitleTest</h3><table class="result"><tr><th>Exception</th></tr><tr><td><div class="stacktrace">org.openqa.selenium.WebDriverException: Unable to find driver executable: \usr\bin\safaridriver(SafariDriver requires Safari 10 running on OSX El Capitan or greater.)
Build info: version: &apos;4.1.1&apos;, revision: &apos;e8fcc2cecf&apos;
System info: host: &apos;WKWIN8091077&apos;, ip: &apos;192.168.1.25&apos;, os.name: &apos;Windows 10&apos;, os.arch: &apos;amd64&apos;, os.version: &apos;10.0&apos;, java.version: &apos;16.0.1&apos;
Driver info: driver.version: SafariDriver
	at org.openqa.selenium.safari.SafariDriverService$Builder.findDefaultExecutable(SafariDriverService.java:136)
	at org.openqa.selenium.remote.service.DriverService$Builder.build(DriverService.java:437)
	at org.openqa.selenium.safari.SafariDriverService.createDefaultService(SafariDriverService.java:78)
	at org.openqa.selenium.safari.SafariDriver.&lt;init&gt;(SafariDriver.java:69)
	at org.openqa.selenium.safari.SafariDriver.&lt;init&gt;(SafariDriver.java:47)
	at AppTests.BaseTest.setUp(BaseTest.java:29)
	at java.base/jdk.internal.reflect.NativeMethodAccessorImpl.invoke0(Native Method)
	at java.base/jdk.internal.reflect.NativeMethodAccessorImpl.invoke(NativeMethodAccessorImpl.java:78)
	at java.base/jdk.internal.reflect.DelegatingMethodAccessorImpl.invoke(DelegatingMethodAccessorImpl.java:43)
	at java.base/java.lang.reflect.Method.invoke(Method.java:567)
	at org.testng.internal.MethodInvocationHelper.invokeMethod(MethodInvocationHelper.java:124)
	at org.testng.internal.MethodInvocationHelper.invokeMethodConsideringTimeout(MethodInvocationHelper.java:59)
	at org.testng.internal.Invoker.invokeConfigurationMethod(Invoker.java:458)
	at org.testng.internal.Invoker.invokeConfigurations(Invoker.java:222)
	at org.testng.internal.Invoker.invokeConfigurations(Invoker.java:142)
	at org.testng.TestRunner.beforeRun(TestRunner.java:529)
	at org.testng.TestRunner.run(TestRunner.java:497)
	at org.testng.SuiteRunner.runTest(SuiteRunner.java:455)
	at org.testng.SuiteRunner.access$000(SuiteRunner.java:40)
	at org.testng.SuiteRunner$SuiteWorker.run(SuiteRunner.java:489)
	at org.testng.internal.thread.ThreadUtil$1.call(ThreadUtil.java:52)
	at java.base/java.util.concurrent.FutureTask.run(FutureTask.java:264)
	at java.base/java.util.concurrent.ThreadPoolExecutor.runWorker(ThreadPoolExecutor.java:1130)
	at java.base/java.util.concurrent.ThreadPoolExecutor$Worker.run(ThreadPoolExecutor.java:630)
	at java.base/java.lang.Thread.run(Thread.java:831)
</div></td></tr></table><p class="totop"><a href="#summary">back to summary</a></p>
<h2>Google Test</h2><h3 id="m5">AppTests.GoogleTest#verifyTitleTest</h3><table class="result"><tr><th class="invisible"/></tr></table><p class="totop"><a href="#summary">back to summary</a></p>
<h2>OpenCart Test</h2><h3 id="m6">AppTests.OpenCartTest#verifyTitleTest</h3><table class="result"><tr><th class="invisible"/></tr></table><p class="totop"><a href="#summary">back to summary</a></p>
</body>
</html>
